build/app/intermediates/manifest_merge_blame_file/release/manifest-merger-blame-release-report.txt
1<?xml version="1.0" encoding="utf-8"?>
2<manifest xmlns:android="http://schemas.android.com/apk/res/android"
3    package="com.idance.hocnhayonline"
4    android:versionCode="3"
5    android:versionName="1.0.0" >
6
7    <uses-sdk
8        android:minSdkVersion="21"
8-->src\main\AndroidManifest.xml
9        android:targetSdkVersion="32" />
9-->src\main\AndroidManifest.xml
10    <!--
11         io.flutter.app.FlutterApplication is an android.app.Application that
12             calls FlutterMain.startInitialization(this); in its onCreate method.
13             In most cases you can leave this as-is, but you if you want to provide
14             additional functionality it is fine to subclass or reimplement
15             FlutterApplication and put your custom class here.
16    -->
17    <uses-permission android:name="android.permission.INTERNET" />
17-->src\main\AndroidManifest.xml:8:5-67
17-->src\main\AndroidManifest.xml:8:22-64
18    <uses-permission android:name="android.permission.READ_PHONE_STATE" />
18-->src\main\AndroidManifest.xml:9:5-75
18-->src\main\AndroidManifest.xml:9:22-72
19
20    <!-- Permissions options for the `storage` group -->
21    <uses-permission android:name="android.permission.READ_EXTERNAL_STORAGE" />
21-->src\main\AndroidManifest.xml:12:5-80
21-->src\main\AndroidManifest.xml:12:22-77
22    <uses-permission android:name="android.permission.WRITE_EXTERNAL_STORAGE" />
22-->src\main\AndroidManifest.xml:13:5-81
22-->src\main\AndroidManifest.xml:13:22-78
23
24    <queries>
24-->src\main\AndroidManifest.xml:15:5-17:15
25        <package android:name="com.facebook.katana" />
25-->src\main\AndroidManifest.xml:16:9-55
25-->src\main\AndroidManifest.xml:16:18-52
26
27        <intent>
27-->[:flutter_inappwebview] AndroidManifest.xml:8:9-10:18
28            <action android:name="android.support.customtabs.action.CustomTabsService" />
28-->[:flutter_inappwebview] AndroidManifest.xml:9:13-90
28-->[:flutter_inappwebview] AndroidManifest.xml:9:21-87
29        </intent>
30        <intent>
30-->[:flutter_downloader] AndroidManifest.xml:9:9-11:18
31            <action android:name="android.intent.action.VIEW" />
31-->src\main\AndroidManifest.xml:52:17-69
31-->src\main\AndroidManifest.xml:52:25-66
32        </intent>
33    </queries>
34    <!-- Create a unique permission for your app and use it so only your app can receive your OneSignal messages. -->
35    <permission
35-->[com.onesignal:OneSignal:4.6.6] AndroidManifest.xml:7:5-9:47
36        android:name="com.idance.hocnhayonline.permission.C2D_MESSAGE"
36-->[com.onesignal:OneSignal:4.6.6] AndroidManifest.xml:8:9-63
37        android:protectionLevel="signature" />
37-->[com.onesignal:OneSignal:4.6.6] AndroidManifest.xml:9:9-44
38
39    <uses-permission android:name="com.idance.hocnhayonline.permission.C2D_MESSAGE" /> <!-- c2dm RECEIVE are basic requirements for push messages through Google's FCM -->
39-->[com.onesignal:OneSignal:4.6.6] AndroidManifest.xml:11:5-79
39-->[com.onesignal:OneSignal:4.6.6] AndroidManifest.xml:11:22-76
40    <uses-permission android:name="com.google.android.c2dm.permission.RECEIVE" /> <!-- Required, makes sure notifications are delivered on time. -->
40-->[com.onesignal:OneSignal:4.6.6] AndroidManifest.xml:17:5-82
40-->[com.onesignal:OneSignal:4.6.6] AndroidManifest.xml:17:22-79
41    <uses-permission android:name="android.permission.WAKE_LOCK" />
41-->[com.onesignal:OneSignal:4.6.6] AndroidManifest.xml:18:5-68
41-->[com.onesignal:OneSignal:4.6.6] AndroidManifest.xml:18:22-65
42    <!--
43 Required so the device vibrates on receiving a push notification.
44         Vibration settings of the device still apply.
45    -->
46    <uses-permission android:name="android.permission.VIBRATE" />
46-->[com.onesignal:OneSignal:4.6.6] AndroidManifest.xml:23:5-66
46-->[com.onesignal:OneSignal:4.6.6] AndroidManifest.xml:23:22-63
47    <uses-permission android:name="android.permission.ACCESS_NETWORK_STATE" />
47-->[com.onesignal:OneSignal:4.6.6] AndroidManifest.xml:24:5-79
47-->[com.onesignal:OneSignal:4.6.6] AndroidManifest.xml:24:22-76
48    <!--
49 Use to restore notifications the user hasn't interacted with.
50         They could be missed notifications if the user reboots their device if this isn't in place.
51    -->
52    <uses-permission android:name="android.permission.RECEIVE_BOOT_COMPLETED" /> <!-- START: ShortcutBadger -->
52-->[com.onesignal:OneSignal:4.6.6] AndroidManifest.xml:29:5-81
52-->[com.onesignal:OneSignal:4.6.6] AndroidManifest.xml:29:22-78
53    <!-- Samsung -->
54    <uses-permission android:name="com.sec.android.provider.badge.permission.READ" />
54-->[com.onesignal:OneSignal:4.6.6] AndroidManifest.xml:31:5-86
54-->[com.onesignal:OneSignal:4.6.6] AndroidManifest.xml:31:22-83
55    <uses-permission android:name="com.sec.android.provider.badge.permission.WRITE" /> <!-- HTC -->
55-->[com.onesignal:OneSignal:4.6.6] AndroidManifest.xml:32:5-87
55-->[com.onesignal:OneSignal:4.6.6] AndroidManifest.xml:32:22-84
56    <uses-permission android:name="com.htc.launcher.permission.READ_SETTINGS" />
56-->[com.onesignal:OneSignal:4.6.6] AndroidManifest.xml:33:5-81
56-->[com.onesignal:OneSignal:4.6.6] AndroidManifest.xml:33:22-78
57    <uses-permission android:name="com.htc.launcher.permission.UPDATE_SHORTCUT" /> <!-- Sony -->
57-->[com.onesignal:OneSignal:4.6.6] AndroidManifest.xml:34:5-83
57-->[com.onesignal:OneSignal:4.6.6] AndroidManifest.xml:34:22-80
58    <uses-permission android:name="com.sonyericsson.home.permission.BROADCAST_BADGE" />
58-->[com.onesignal:OneSignal:4.6.6] AndroidManifest.xml:35:5-88
58-->[com.onesignal:OneSignal:4.6.6] AndroidManifest.xml:35:22-85
59    <uses-permission android:name="com.sonymobile.home.permission.PROVIDER_INSERT_BADGE" /> <!-- Apex -->
59-->[com.onesignal:OneSignal:4.6.6] AndroidManifest.xml:36:5-92
59-->[com.onesignal:OneSignal:4.6.6] AndroidManifest.xml:36:22-89
60    <uses-permission android:name="com.anddoes.launcher.permission.UPDATE_COUNT" /> <!-- Solid -->
60-->[com.onesignal:OneSignal:4.6.6] AndroidManifest.xml:37:5-84
60-->[com.onesignal:OneSignal:4.6.6] AndroidManifest.xml:37:22-81
61    <uses-permission android:name="com.majeur.launcher.permission.UPDATE_BADGE" /> <!-- Huawei -->
61-->[com.onesignal:OneSignal:4.6.6] AndroidManifest.xml:38:5-83
61-->[com.onesignal:OneSignal:4.6.6] AndroidManifest.xml:38:22-80
62    <uses-permission android:name="com.huawei.android.launcher.permission.CHANGE_BADGE" />
62-->[com.onesignal:OneSignal:4.6.6] AndroidManifest.xml:39:5-91
62-->[com.onesignal:OneSignal:4.6.6] AndroidManifest.xml:39:22-88
63    <uses-permission android:name="com.huawei.android.launcher.permission.READ_SETTINGS" />
63-->[com.onesignal:OneSignal:4.6.6] AndroidManifest.xml:40:5-92
63-->[com.onesignal:OneSignal:4.6.6] AndroidManifest.xml:40:22-89
64    <uses-permission android:name="com.huawei.android.launcher.permission.WRITE_SETTINGS" /> <!-- ZUK -->
64-->[com.onesignal:OneSignal:4.6.6] AndroidManifest.xml:41:5-93
64-->[com.onesignal:OneSignal:4.6.6] AndroidManifest.xml:41:22-90
65    <uses-permission android:name="android.permission.READ_APP_BADGE" /> <!-- OPPO -->
65-->[com.onesignal:OneSignal:4.6.6] AndroidManifest.xml:42:5-73
65-->[com.onesignal:OneSignal:4.6.6] AndroidManifest.xml:42:22-70
66    <uses-permission android:name="com.oppo.launcher.permission.READ_SETTINGS" />
66-->[com.onesignal:OneSignal:4.6.6] AndroidManifest.xml:43:5-82
66-->[com.onesignal:OneSignal:4.6.6] AndroidManifest.xml:43:22-79
67    <uses-permission android:name="com.oppo.launcher.permission.WRITE_SETTINGS" /> <!-- EvMe -->
67-->[com.onesignal:OneSignal:4.6.6] AndroidManifest.xml:44:5-83
67-->[com.onesignal:OneSignal:4.6.6] AndroidManifest.xml:44:22-80
68    <uses-permission android:name="me.everything.badger.permission.BADGE_COUNT_READ" />
68-->[com.onesignal:OneSignal:4.6.6] AndroidManifest.xml:45:5-88
68-->[com.onesignal:OneSignal:4.6.6] AndroidManifest.xml:45:22-85
69    <uses-permission android:name="me.everything.badger.permission.BADGE_COUNT_WRITE" />
69-->[com.onesignal:OneSignal:4.6.6] AndroidManifest.xml:46:5-89
69-->[com.onesignal:OneSignal:4.6.6] AndroidManifest.xml:46:22-86
70    <uses-permission android:name="android.permission.FOREGROUND_SERVICE" />
70-->[androidx.work:work-runtime:2.7.1] AndroidManifest.xml:28:5-77
70-->[androidx.work:work-runtime:2.7.1] AndroidManifest.xml:28:22-74
71    <uses-permission android:name="com.google.android.finsky.permission.BIND_GET_INSTALL_REFERRER_SERVICE" /> <!-- Include required permissions for Advertising Id -->
71-->[com.google.android.gms:play-services-measurement:20.0.2] AndroidManifest.xml:26:5-110
71-->[com.google.android.gms:play-services-measurement:20.0.2] AndroidManifest.xml:26:22-107
72    <uses-permission android:name="com.google.android.gms.permission.AD_ID" />
72-->[com.google.android.gms:play-services-ads-identifier:18.0.0] AndroidManifest.xml:23:5-79
72-->[com.google.android.gms:play-services-ads-identifier:18.0.0] AndroidManifest.xml:23:22-76
73
74    <application
75        android:name="android.app.Application"
75-->src\main\AndroidManifest.xml:19:9-42
76        android:appComponentFactory="androidx.core.app.CoreComponentFactory"
76-->[androidx.core:core:1.6.0] AndroidManifest.xml:24:18-86
77        android:icon="@mipmap/launcher_icon"
77-->src\main\AndroidManifest.xml:20:9-45
78        android:label="IDance - Học nhảy Online"
78-->src\main\AndroidManifest.xml:21:9-49
79        android:supportsRtl="true"
79-->[com.facebook.android:facebook-login:12.1.0] AndroidManifest.xml:28:18-44
80        android:usesCleartextTraffic="true" >
80-->src\main\AndroidManifest.xml:22:9-44
81        <meta-data
81-->src\main\AndroidManifest.xml:23:9-25:70
82            android:name="com.google.android.gms.ads.APPLICATION_ID"
82-->src\main\AndroidManifest.xml:24:13-69
83            android:value="ca-app-pub-3940256099942544~3347511713" />
83-->src\main\AndroidManifest.xml:25:13-67
84
85        <activity
85-->src\main\AndroidManifest.xml:26:9-37:20
86            android:name="com.idance.hocnhayonline.MainActivity"
86-->src\main\AndroidManifest.xml:27:13-41
87            android:configChanges="orientation|keyboardHidden|keyboard|screenSize|smallestScreenSize|locale|layoutDirection|fontScale|screenLayout|density|uiMode"
87-->src\main\AndroidManifest.xml:28:13-163
88            android:hardwareAccelerated="true"
88-->src\main\AndroidManifest.xml:29:13-47
89            android:launchMode="singleTop"
89-->src\main\AndroidManifest.xml:30:13-43
90            android:theme="@style/LaunchTheme"
90-->src\main\AndroidManifest.xml:31:13-47
91            android:windowSoftInputMode="adjustResize" >
91-->src\main\AndroidManifest.xml:32:13-55
92            <intent-filter>
92-->src\main\AndroidManifest.xml:33:13-36:29
93                <action android:name="android.intent.action.MAIN" />
93-->src\main\AndroidManifest.xml:34:17-69
93-->src\main\AndroidManifest.xml:34:25-66
94
95                <category android:name="android.intent.category.LAUNCHER" />
95-->src\main\AndroidManifest.xml:35:17-77
95-->src\main\AndroidManifest.xml:35:27-74
96            </intent-filter>
97        </activity>
98        <!--
99             Don't delete the meta-data below.
100             This is used by the Flutter tool to generate GeneratedPluginRegistrant.java
101        -->
102        <meta-data
102-->src\main\AndroidManifest.xml:40:9-42:33
103            android:name="flutterEmbedding"
103-->src\main\AndroidManifest.xml:41:13-44
104            android:value="2" />
104-->src\main\AndroidManifest.xml:42:13-30
105
106        <activity
106-->src\main\AndroidManifest.xml:44:9-47:48
107            android:name="com.facebook.FacebookActivity"
107-->src\main\AndroidManifest.xml:45:13-57
108            android:configChanges="keyboard|keyboardHidden|screenLayout|screenSize|orientation"
108-->src\main\AndroidManifest.xml:46:13-96
109            android:label="@string/app_name"
109-->src\main\AndroidManifest.xml:47:13-45
110            android:theme="@style/com_facebook_activity_theme" />
110-->[com.facebook.android:facebook-common:12.1.0] AndroidManifest.xml:33:13-63
111        <activity
111-->src\main\AndroidManifest.xml:48:9-59:20
112            android:name="com.facebook.CustomTabActivity"
112-->src\main\AndroidManifest.xml:49:13-58
113            android:exported="true" >
113-->src\main\AndroidManifest.xml:50:13-36
114            <intent-filter>
114-->src\main\AndroidManifest.xml:51:13-58:29
115                <action android:name="android.intent.action.VIEW" />
115-->src\main\AndroidManifest.xml:52:17-69
115-->src\main\AndroidManifest.xml:52:25-66
116
117                <category android:name="android.intent.category.DEFAULT" />
117-->src\main\AndroidManifest.xml:54:17-76
117-->src\main\AndroidManifest.xml:54:27-73
118                <category android:name="android.intent.category.BROWSABLE" />
118-->src\main\AndroidManifest.xml:55:17-78
118-->src\main\AndroidManifest.xml:55:27-75
119
120                <data android:scheme="@string/fb_login_protocol_scheme" />
120-->src\main\AndroidManifest.xml:57:17-75
120-->src\main\AndroidManifest.xml:57:23-72
121            </intent-filter>
122            <intent-filter>
122-->[com.facebook.android:facebook-common:12.1.0] AndroidManifest.xml:39:13-48:29
123                <action android:name="android.intent.action.VIEW" />
123-->src\main\AndroidManifest.xml:52:17-69
123-->src\main\AndroidManifest.xml:52:25-66
124
125                <category android:name="android.intent.category.DEFAULT" />
125-->src\main\AndroidManifest.xml:54:17-76
125-->src\main\AndroidManifest.xml:54:27-73
126                <category android:name="android.intent.category.BROWSABLE" />
126-->src\main\AndroidManifest.xml:55:17-78
126-->src\main\AndroidManifest.xml:55:27-75
127
128                <data
128-->src\main\AndroidManifest.xml:57:17-75
129                    android:host="cct.com.idance.hocnhayonline"
130                    android:scheme="fbconnect" />
130-->src\main\AndroidManifest.xml:57:23-72
131            </intent-filter>
132        </activity>
133
134        <meta-data
134-->src\main\AndroidManifest.xml:61:9-63:55
135            android:name="com.facebook.sdk.ApplicationId"
135-->src\main\AndroidManifest.xml:62:13-58
136            android:value="@string/facebook_app_id" />
136-->src\main\AndroidManifest.xml:63:13-52
137
138        <provider
139            android:name="vn.hunghd.flutterdownloader.DownloadedFileProvider"
139-->src\main\AndroidManifest.xml:67:13-78
140            android:authorities="com.idance.hocnhayonline.flutter_downloader.provider"
140-->src\main\AndroidManifest.xml:68:13-79
141            android:exported="false"
141-->src\main\AndroidManifest.xml:69:13-37
142            android:grantUriPermissions="true" >
142-->src\main\AndroidManifest.xml:70:13-47
143            <meta-data
143-->src\main\AndroidManifest.xml:71:13-73:58
144                android:name="android.support.FILE_PROVIDER_PATHS"
144-->src\main\AndroidManifest.xml:72:17-67
145                android:resource="@xml/provider_paths" />
145-->src\main\AndroidManifest.xml:73:17-55
146        </provider>
147
148        <meta-data
148-->src\main\AndroidManifest.xml:76:9-78:62
149            android:name="io.flutter.embedding.android.SplashScreenDrawable"
149-->src\main\AndroidManifest.xml:77:13-77
150            android:resource="@drawable/launch_background" />
150-->src\main\AndroidManifest.xml:78:13-59
151        <meta-data
151-->src\main\AndroidManifest.xml:80:9-82:39
152            android:name="com.onesignal.NotificationOpened.DEFAULT"
152-->src\main\AndroidManifest.xml:81:13-68
153            android:value="DISABLE" />
153-->src\main\AndroidManifest.xml:82:13-36
154
155        <service
155-->[:firebase_auth] AndroidManifest.xml:8:9-12:19
156            android:name="com.google.firebase.components.ComponentDiscoveryService"
156-->[:firebase_auth] AndroidManifest.xml:8:18-89
157            android:directBootAware="true"
157-->[com.google.firebase:firebase-common:20.0.0] AndroidManifest.xml:35:13-43
158            android:exported="false" >
158-->[com.google.firebase:firebase-auth:21.0.1] AndroidManifest.xml:76:13-37
159            <meta-data
159-->[:firebase_auth] AndroidManifest.xml:9:13-11:85
160                android:name="com.google.firebase.components:io.flutter.plugins.firebase.auth.FlutterFirebaseAuthRegistrar"
160-->[:firebase_auth] AndroidManifest.xml:10:17-124
161                android:value="com.google.firebase.components.ComponentRegistrar" />
161-->[:firebase_auth] AndroidManifest.xml:11:17-82
162            <meta-data
162-->[:firebase_core] AndroidManifest.xml:9:13-11:85
163                android:name="com.google.firebase.components:io.flutter.plugins.firebase.core.FlutterFirebaseCoreRegistrar"
163-->[:firebase_core] AndroidManifest.xml:10:17-124
164                android:value="com.google.firebase.components.ComponentRegistrar" />
164-->[:firebase_core] AndroidManifest.xml:11:17-82
165            <meta-data
165-->[com.google.firebase:firebase-auth:21.0.1] AndroidManifest.xml:77:13-79:85
166                android:name="com.google.firebase.components:com.google.firebase.auth.FirebaseAuthRegistrar"
166-->[com.google.firebase:firebase-auth:21.0.1] AndroidManifest.xml:78:17-109
167                android:value="com.google.firebase.components.ComponentRegistrar" />
167-->[com.google.firebase:firebase-auth:21.0.1] AndroidManifest.xml:79:17-82
168            <meta-data
168-->[com.google.firebase:firebase-messaging:23.0.0] AndroidManifest.xml:52:13-54:85
169                android:name="com.google.firebase.components:com.google.firebase.messaging.FirebaseMessagingRegistrar"
169-->[com.google.firebase:firebase-messaging:23.0.0] AndroidManifest.xml:53:17-119
170                android:value="com.google.firebase.components.ComponentRegistrar" />
170-->[com.google.firebase:firebase-messaging:23.0.0] AndroidManifest.xml:54:17-82
171            <meta-data
171-->[com.google.android.gms:play-services-measurement-api:20.0.2] AndroidManifest.xml:30:13-32:85
172                android:name="com.google.firebase.components:com.google.firebase.analytics.connector.internal.AnalyticsConnectorRegistrar"
172-->[com.google.android.gms:play-services-measurement-api:20.0.2] AndroidManifest.xml:31:17-139
173                android:value="com.google.firebase.components.ComponentRegistrar" />
173-->[com.google.android.gms:play-services-measurement-api:20.0.2] AndroidManifest.xml:32:17-82
174            <meta-data
174-->[com.google.firebase:firebase-datatransport:18.0.0] AndroidManifest.xml:28:13-30:85
175                android:name="com.google.firebase.components:com.google.firebase.datatransport.TransportRegistrar"
175-->[com.google.firebase:firebase-datatransport:18.0.0] AndroidManifest.xml:29:17-115
176                android:value="com.google.firebase.components.ComponentRegistrar" />
176-->[com.google.firebase:firebase-datatransport:18.0.0] AndroidManifest.xml:30:17-82
177            <meta-data
177-->[com.google.firebase:firebase-installations:17.0.0] AndroidManifest.xml:18:13-20:85
178                android:name="com.google.firebase.components:com.google.firebase.installations.FirebaseInstallationsRegistrar"
178-->[com.google.firebase:firebase-installations:17.0.0] AndroidManifest.xml:19:17-127
179                android:value="com.google.firebase.components.ComponentRegistrar" />
179-->[com.google.firebase:firebase-installations:17.0.0] AndroidManifest.xml:20:17-82
180        </service>
181
182        <provider
182-->[:image_picker] AndroidManifest.xml:8:9-16:20
183            android:name="io.flutter.plugins.imagepicker.ImagePickerFileProvider"
183-->[:image_picker] AndroidManifest.xml:9:13-82
184            android:authorities="com.idance.hocnhayonline.flutter.image_provider"
184-->[:image_picker] AndroidManifest.xml:10:13-74
185            android:exported="false"
185-->[:image_picker] AndroidManifest.xml:11:13-37
186            android:grantUriPermissions="true" >
186-->[:image_picker] AndroidManifest.xml:12:13-47
187            <meta-data
187-->src\main\AndroidManifest.xml:71:13-73:58
188                android:name="android.support.FILE_PROVIDER_PATHS"
188-->src\main\AndroidManifest.xml:72:17-67
189                android:resource="@xml/flutter_image_picker_file_paths" />
189-->src\main\AndroidManifest.xml:73:17-55
190        </provider>
191
192        <activity
192-->[:flutter_inappwebview] AndroidManifest.xml:14:9-17:47
193            android:name="com.pichillilorenzo.flutter_inappwebview.in_app_browser.InAppBrowserActivity"
193-->[:flutter_inappwebview] AndroidManifest.xml:15:13-104
194            android:configChanges="orientation|keyboardHidden|keyboard|screenSize|locale|layoutDirection|fontScale|screenLayout|density"
194-->[:flutter_inappwebview] AndroidManifest.xml:16:13-137
195            android:theme="@style/AppTheme" />
195-->[:flutter_inappwebview] AndroidManifest.xml:17:13-44
196        <activity
196-->[:flutter_inappwebview] AndroidManifest.xml:18:9-20:55
197            android:name="com.pichillilorenzo.flutter_inappwebview.chrome_custom_tabs.ChromeCustomTabsActivity"
197-->[:flutter_inappwebview] AndroidManifest.xml:19:13-112
198            android:theme="@style/ThemeTransparent" />
198-->[:flutter_inappwebview] AndroidManifest.xml:20:13-52
199
200        <receiver android:name="com.pichillilorenzo.flutter_inappwebview.chrome_custom_tabs.ActionBroadcastReceiver" />
200-->[:flutter_inappwebview] AndroidManifest.xml:22:9-120
200-->[:flutter_inappwebview] AndroidManifest.xml:22:19-117
201
202        <meta-data
202-->[:flutter_inappwebview] AndroidManifest.xml:24:9-26:36
203            android:name="io.flutter.embedded_views_preview"
203-->[:flutter_inappwebview] AndroidManifest.xml:25:13-61
204            android:value="true" />
204-->[:flutter_inappwebview] AndroidManifest.xml:26:13-33
205
206        <provider
206-->[:share] AndroidManifest.xml:8:9-16:20
207            android:name="io.flutter.plugins.share.ShareFileProvider"
207-->[:share] AndroidManifest.xml:9:13-70
208            android:authorities="com.idance.hocnhayonline.flutter.share_provider"
208-->[:share] AndroidManifest.xml:10:13-74
209            android:exported="false"
209-->[:share] AndroidManifest.xml:11:13-37
210            android:grantUriPermissions="true" >
210-->[:share] AndroidManifest.xml:12:13-47
211            <meta-data
211-->src\main\AndroidManifest.xml:71:13-73:58
212                android:name="android.support.FILE_PROVIDER_PATHS"
212-->src\main\AndroidManifest.xml:72:17-67
213                android:resource="@xml/flutter_share_file_paths" />
213-->src\main\AndroidManifest.xml:73:17-55
214        </provider>
215
216        <activity
216-->[:url_launcher_android] AndroidManifest.xml:8:9-11:74
217            android:name="io.flutter.plugins.urllauncher.WebViewActivity"
217-->[:url_launcher_android] AndroidManifest.xml:9:13-74
218            android:exported="false"
218-->[:url_launcher_android] AndroidManifest.xml:10:13-37
219            android:theme="@android:style/Theme.NoTitleBar.Fullscreen" />
219-->[:url_launcher_android] AndroidManifest.xml:11:13-71
220
221        <receiver
221-->[com.onesignal:OneSignal:4.6.6] AndroidManifest.xml:49:9-60:20
222            android:name="com.onesignal.FCMBroadcastReceiver"
222-->[com.onesignal:OneSignal:4.6.6] AndroidManifest.xml:50:13-62
223            android:exported="true"
223-->[com.onesignal:OneSignal:4.6.6] AndroidManifest.xml:51:13-36
224            android:permission="com.google.android.c2dm.permission.SEND" >
224-->[com.onesignal:OneSignal:4.6.6] AndroidManifest.xml:52:13-73
225
226            <!-- High priority so OneSignal payloads can be filtered from other FCM receivers -->
227            <intent-filter android:priority="999" >
227-->[com.onesignal:OneSignal:4.6.6] AndroidManifest.xml:55:13-59:29
227-->[com.onesignal:OneSignal:4.6.6] AndroidManifest.xml:55:28-50
228                <action android:name="com.google.android.c2dm.intent.RECEIVE" />
228-->[com.onesignal:OneSignal:4.6.6] AndroidManifest.xml:56:17-81
228-->[com.onesignal:OneSignal:4.6.6] AndroidManifest.xml:56:25-78
229
230                <category android:name="com.idance.hocnhayonline" />
230-->[com.onesignal:OneSignal:4.6.6] AndroidManifest.xml:58:17-61
230-->[com.onesignal:OneSignal:4.6.6] AndroidManifest.xml:58:27-58
231            </intent-filter>
232        </receiver>
233
234        <service
234-->[com.onesignal:OneSignal:4.6.6] AndroidManifest.xml:62:9-68:19
235            android:name="com.onesignal.HmsMessageServiceOneSignal"
235-->[com.onesignal:OneSignal:4.6.6] AndroidManifest.xml:63:13-68
236            android:exported="false" >
236-->[com.onesignal:OneSignal:4.6.6] AndroidManifest.xml:64:13-37
237            <intent-filter>
237-->[com.onesignal:OneSignal:4.6.6] AndroidManifest.xml:65:13-67:29
238                <action android:name="com.huawei.push.action.MESSAGING_EVENT" />
238-->[com.onesignal:OneSignal:4.6.6] AndroidManifest.xml:66:17-81
238-->[com.onesignal:OneSignal:4.6.6] AndroidManifest.xml:66:25-78
239            </intent-filter>
240        </service>
241
242        <activity
242-->[com.onesignal:OneSignal:4.6.6] AndroidManifest.xml:70:9-78:20
243            android:name="com.onesignal.NotificationOpenedActivityHMS"
243-->[com.onesignal:OneSignal:4.6.6] AndroidManifest.xml:71:13-71
244            android:exported="true"
244-->[com.onesignal:OneSignal:4.6.6] AndroidManifest.xml:72:13-36
245            android:noHistory="true"
245-->[com.onesignal:OneSignal:4.6.6] AndroidManifest.xml:73:13-37
246            android:theme="@android:style/Theme.Translucent.NoTitleBar" >
246-->[com.onesignal:OneSignal:4.6.6] AndroidManifest.xml:74:13-72
247            <intent-filter>
247-->[com.onesignal:OneSignal:4.6.6] AndroidManifest.xml:75:13-77:29
248                <action android:name="android.intent.action.VIEW" />
248-->src\main\AndroidManifest.xml:52:17-69
248-->src\main\AndroidManifest.xml:52:25-66
249            </intent-filter>
250        </activity>
251
252        <service
252-->[com.onesignal:OneSignal:4.6.6] AndroidManifest.xml:80:9-82:40
253            android:name="com.onesignal.FCMIntentService"
253-->[com.onesignal:OneSignal:4.6.6] AndroidManifest.xml:81:13-58
254            android:exported="false" />
254-->[com.onesignal:OneSignal:4.6.6] AndroidManifest.xml:82:13-37
255        <service
255-->[com.onesignal:OneSignal:4.6.6] AndroidManifest.xml:83:9-86:72
256            android:name="com.onesignal.FCMIntentJobService"
256-->[com.onesignal:OneSignal:4.6.6] AndroidManifest.xml:84:13-61
257            android:exported="false"
257-->[com.onesignal:OneSignal:4.6.6] AndroidManifest.xml:85:13-37
258            android:permission="android.permission.BIND_JOB_SERVICE" />
258-->[com.onesignal:OneSignal:4.6.6] AndroidManifest.xml:86:13-69
259        <service
259-->[com.onesignal:OneSignal:4.6.6] AndroidManifest.xml:87:9-90:43
260            android:name="com.onesignal.SyncService"
260-->[com.onesignal:OneSignal:4.6.6] AndroidManifest.xml:88:13-53
261            android:exported="false"
261-->[com.onesignal:OneSignal:4.6.6] AndroidManifest.xml:89:13-37
262            android:stopWithTask="true" />
262-->[com.onesignal:OneSignal:4.6.6] AndroidManifest.xml:90:13-40
263        <service
263-->[com.onesignal:OneSignal:4.6.6] AndroidManifest.xml:91:9-94:72
264            android:name="com.onesignal.SyncJobService"
264-->[com.onesignal:OneSignal:4.6.6] AndroidManifest.xml:92:13-56
265            android:exported="false"
265-->[com.onesignal:OneSignal:4.6.6] AndroidManifest.xml:93:13-37
266            android:permission="android.permission.BIND_JOB_SERVICE" />
266-->[com.onesignal:OneSignal:4.6.6] AndroidManifest.xml:94:13-69
267
268        <activity
268-->[com.onesignal:OneSignal:4.6.6] AndroidManifest.xml:96:9-99:75
269            android:name="com.onesignal.PermissionsActivity"
269-->[com.onesignal:OneSignal:4.6.6] AndroidManifest.xml:97:13-61
270            android:exported="false"
270-->[com.onesignal:OneSignal:4.6.6] AndroidManifest.xml:98:13-37
271            android:theme="@android:style/Theme.Translucent.NoTitleBar" />
271-->[com.onesignal:OneSignal:4.6.6] AndroidManifest.xml:99:13-72
272
273        <receiver
273-->[com.onesignal:OneSignal:4.6.6] AndroidManifest.xml:101:9-103:39
274            android:name="com.onesignal.NotificationDismissReceiver"
274-->[com.onesignal:OneSignal:4.6.6] AndroidManifest.xml:102:13-69
275            android:exported="true" />
275-->[com.onesignal:OneSignal:4.6.6] AndroidManifest.xml:103:13-36
276        <receiver
276-->[com.onesignal:OneSignal:4.6.6] AndroidManifest.xml:104:9-111:20
277            android:name="com.onesignal.BootUpReceiver"
277-->[com.onesignal:OneSignal:4.6.6] AndroidManifest.xml:105:13-56
278            android:exported="true" >
278-->[com.onesignal:OneSignal:4.6.6] AndroidManifest.xml:106:13-36
279            <intent-filter>
279-->[com.onesignal:OneSignal:4.6.6] AndroidManifest.xml:107:13-110:29
280                <action android:name="android.intent.action.BOOT_COMPLETED" />
280-->[com.onesignal:OneSignal:4.6.6] AndroidManifest.xml:108:17-79
280-->[com.onesignal:OneSignal:4.6.6] AndroidManifest.xml:108:25-76
281                <action android:name="android.intent.action.QUICKBOOT_POWERON" />
281-->[com.onesignal:OneSignal:4.6.6] AndroidManifest.xml:109:17-82
281-->[com.onesignal:OneSignal:4.6.6] AndroidManifest.xml:109:25-79
282            </intent-filter>
283        </receiver>
284        <receiver
284-->[com.onesignal:OneSignal:4.6.6] AndroidManifest.xml:112:9-118:20
285            android:name="com.onesignal.UpgradeReceiver"
285-->[com.onesignal:OneSignal:4.6.6] AndroidManifest.xml:113:13-57
286            android:exported="true" >
286-->[com.onesignal:OneSignal:4.6.6] AndroidManifest.xml:114:13-36
287            <intent-filter>
287-->[com.onesignal:OneSignal:4.6.6] AndroidManifest.xml:115:13-117:29
288                <action android:name="android.intent.action.MY_PACKAGE_REPLACED" />